{"/Users/julian/portfolio-ai-backend/src/app.js": {"path":"/Users/julian/portfolio-ai-backend/src/app.js","statementMap":{"0":{"start":{"line":15,"column":11},"end":{"line":15,"column":21}},"1":{"start":{"line":16,"column":24},"end":{"line":19,"column":17}},"2":{"start":{"line":21,"column":0},"end":{"line":29,"column":null}},"3":{"start":{"line":30,"column":0},"end":{"line":30,"column":null}},"4":{"start":{"line":31,"column":0},"end":{"line":31,"column":null}},"5":{"start":{"line":32,"column":0},"end":{"line":41,"column":null}},"6":{"start":{"line":35,"column":6},"end":{"line":37,"column":null}},"7":{"start":{"line":36,"column":8},"end":{"line":36,"column":null}},"8":{"start":{"line":38,"column":6},"end":{"line":38,"column":null}},"9":{"start":{"line":42,"column":0},"end":{"line":42,"column":null}},"10":{"start":{"line":44,"column":22},"end":{"line":48,"column":1}},"11":{"start":{"line":49,"column":24},"end":{"line":49,"column":38}},"12":{"start":{"line":50,"column":22},"end":{"line":50,"column":56}},"13":{"start":{"line":51,"column":26},"end":{"line":51,"column":74}},"14":{"start":{"line":52,"column":19},"end":{"line":57,"column":1}},"15":{"start":{"line":58,"column":0},"end":{"line":62,"column":null}},"16":{"start":{"line":59,"column":2},"end":{"line":59,"column":null}},"17":{"start":{"line":61,"column":2},"end":{"line":61,"column":null}},"18":{"start":{"line":64,"column":30},"end":{"line":64,"column":82}},"19":{"start":{"line":65,"column":23},"end":{"line":65,"column":25}},"20":{"start":{"line":66,"column":0},"end":{"line":70,"column":null}},"21":{"start":{"line":67,"column":2},"end":{"line":67,"column":null}},"22":{"start":{"line":69,"column":2},"end":{"line":69,"column":null}},"23":{"start":{"line":72,"column":32},"end":{"line":82,"column":1}},"24":{"start":{"line":73,"column":2},"end":{"line":81,"column":null}},"25":{"start":{"line":74,"column":18},"end":{"line":74,"column":52}},"26":{"start":{"line":75,"column":4},"end":{"line":78,"column":null}},"27":{"start":{"line":76,"column":6},"end":{"line":76,"column":null}},"28":{"start":{"line":77,"column":6},"end":{"line":77,"column":null}},"29":{"start":{"line":80,"column":4},"end":{"line":80,"column":null}},"30":{"start":{"line":83,"column":20},"end":{"line":88,"column":1}},"31":{"start":{"line":89,"column":23},"end":{"line":89,"column":47}},"32":{"start":{"line":90,"column":16},"end":{"line":98,"column":1}},"33":{"start":{"line":100,"column":19},"end":{"line":314,"column":2}},"34":{"start":{"line":315,"column":0},"end":{"line":315,"column":null}},"35":{"start":{"line":316,"column":0},"end":{"line":316,"column":null}},"36":{"start":{"line":316,"column":34},"end":{"line":316,"column":55}},"37":{"start":{"line":318,"column":23},"end":{"line":329,"column":2}},"38":{"start":{"line":331,"column":30},"end":{"line":336,"column":2}},"39":{"start":{"line":338,"column":0},"end":{"line":338,"column":null}},"40":{"start":{"line":338,"column":31},"end":{"line":338,"column":53}},"41":{"start":{"line":340,"column":0},"end":{"line":350,"column":null}},"42":{"start":{"line":341,"column":2},"end":{"line":349,"column":null}},"43":{"start":{"line":342,"column":4},"end":{"line":342,"column":null}},"44":{"start":{"line":343,"column":4},"end":{"line":343,"column":null}},"45":{"start":{"line":344,"column":17},"end":{"line":344,"column":65}},"46":{"start":{"line":345,"column":4},"end":{"line":345,"column":null}},"47":{"start":{"line":347,"column":4},"end":{"line":347,"column":null}},"48":{"start":{"line":348,"column":4},"end":{"line":348,"column":null}},"49":{"start":{"line":352,"column":0},"end":{"line":383,"column":null}},"50":{"start":{"line":353,"column":2},"end":{"line":382,"column":null}},"51":{"start":{"line":354,"column":24},"end":{"line":354,"column":65}},"52":{"start":{"line":355,"column":4},"end":{"line":357,"column":null}},"53":{"start":{"line":356,"column":6},"end":{"line":356,"column":null}},"54":{"start":{"line":359,"column":4},"end":{"line":359,"column":null}},"55":{"start":{"line":361,"column":42},"end":{"line":361,"column":58}},"56":{"start":{"line":363,"column":28},"end":{"line":363,"column":67}},"57":{"start":{"line":364,"column":4},"end":{"line":366,"column":null}},"58":{"start":{"line":365,"column":6},"end":{"line":365,"column":null}},"59":{"start":{"line":369,"column":6},"end":{"line":369,"column":83}},"60":{"start":{"line":371,"column":27},"end":{"line":376,"column":6}},"61":{"start":{"line":378,"column":4},"end":{"line":378,"column":null}},"62":{"start":{"line":380,"column":4},"end":{"line":380,"column":null}},"63":{"start":{"line":381,"column":4},"end":{"line":381,"column":null}},"64":{"start":{"line":385,"column":0},"end":{"line":449,"column":null}},"65":{"start":{"line":386,"column":2},"end":{"line":448,"column":null}},"66":{"start":{"line":387,"column":24},"end":{"line":387,"column":58}},"67":{"start":{"line":388,"column":4},"end":{"line":390,"column":null}},"68":{"start":{"line":389,"column":6},"end":{"line":389,"column":null}},"69":{"start":{"line":392,"column":28},"end":{"line":395,"column":7}},"70":{"start":{"line":392,"column":68},"end":{"line":395,"column":5}},"71":{"start":{"line":398,"column":6},"end":{"line":398,"column":92}},"72":{"start":{"line":399,"column":4},"end":{"line":409,"column":null}},"73":{"start":{"line":400,"column":6},"end":{"line":408,"column":null}},"74":{"start":{"line":412,"column":4},"end":{"line":432,"column":null}},"75":{"start":{"line":413,"column":6},"end":{"line":429,"column":null}},"76":{"start":{"line":414,"column":36},"end":{"line":424,"column":1}},"77":{"start":{"line":425,"column":8},"end":{"line":425,"column":null}},"78":{"start":{"line":427,"column":8},"end":{"line":427,"column":null}},"79":{"start":{"line":428,"column":8},"end":{"line":428,"column":null}},"80":{"start":{"line":431,"column":6},"end":{"line":431,"column":null}},"81":{"start":{"line":434,"column":4},"end":{"line":438,"column":null}},"82":{"start":{"line":440,"column":4},"end":{"line":446,"column":null}},"83":{"start":{"line":447,"column":4},"end":{"line":447,"column":null}},"84":{"start":{"line":451,"column":0},"end":{"line":516,"column":null}},"85":{"start":{"line":453,"column":2},"end":{"line":453,"column":null}},"86":{"start":{"line":455,"column":2},"end":{"line":515,"column":null}},"87":{"start":{"line":456,"column":24},"end":{"line":456,"column":32}},"88":{"start":{"line":457,"column":4},"end":{"line":457,"column":null}},"89":{"start":{"line":457,"column":35},"end":{"line":457,"column":null}},"90":{"start":{"line":459,"column":21},"end":{"line":459,"column":52}},"91":{"start":{"line":460,"column":4},"end":{"line":463,"column":null}},"92":{"start":{"line":461,"column":6},"end":{"line":461,"column":null}},"93":{"start":{"line":462,"column":6},"end":{"line":462,"column":null}},"94":{"start":{"line":466,"column":4},"end":{"line":468,"column":null}},"95":{"start":{"line":467,"column":6},"end":{"line":467,"column":null}},"96":{"start":{"line":470,"column":22},"end":{"line":470,"column":51}},"97":{"start":{"line":473,"column":18},"end":{"line":475,"column":54}},"98":{"start":{"line":477,"column":4},"end":{"line":480,"column":null}},"99":{"start":{"line":478,"column":6},"end":{"line":478,"column":null}},"100":{"start":{"line":479,"column":6},"end":{"line":479,"column":null}},"101":{"start":{"line":482,"column":19},"end":{"line":482,"column":34}},"102":{"start":{"line":483,"column":20},"end":{"line":483,"column":40}},"103":{"start":{"line":485,"column":4},"end":{"line":488,"column":null}},"104":{"start":{"line":486,"column":6},"end":{"line":486,"column":null}},"105":{"start":{"line":487,"column":6},"end":{"line":487,"column":null}},"106":{"start":{"line":490,"column":17},"end":{"line":490,"column":36}},"107":{"start":{"line":493,"column":4},"end":{"line":502,"column":null}},"108":{"start":{"line":494,"column":19},"end":{"line":494,"column":37}},"109":{"start":{"line":495,"column":6},"end":{"line":500,"column":null}},"110":{"start":{"line":496,"column":8},"end":{"line":498,"column":null}},"111":{"start":{"line":499,"column":8},"end":{"line":499,"column":null}},"112":{"start":{"line":501,"column":6},"end":{"line":501,"column":null}},"113":{"start":{"line":504,"column":4},"end":{"line":504,"column":null}},"114":{"start":{"line":507,"column":16},"end":{"line":507,"column":47}},"115":{"start":{"line":508,"column":4},"end":{"line":512,"column":null}},"116":{"start":{"line":509,"column":6},"end":{"line":509,"column":null}},"117":{"start":{"line":511,"column":6},"end":{"line":511,"column":null}},"118":{"start":{"line":514,"column":4},"end":{"line":514,"column":null}}},"fnMap":{"0":{"name":"(anonymous_0)","decl":{"start":{"line":34,"column":4},"end":{"line":34,"column":10}},"loc":{"start":{"line":34,"column":29},"end":{"line":39,"column":5}},"line":34},"1":{"name":"(anonymous_1)","decl":{"start":{"line":72,"column":32},"end":{"line":72,"column":37}},"loc":{"start":{"line":72,"column":44},"end":{"line":82,"column":1}},"line":72},"2":{"name":"(anonymous_2)","decl":{"start":{"line":316,"column":22},"end":{"line":316,"column":23}},"loc":{"start":{"line":316,"column":34},"end":{"line":316,"column":55}},"line":316},"3":{"name":"(anonymous_3)","decl":{"start":{"line":338,"column":19},"end":{"line":338,"column":20}},"loc":{"start":{"line":338,"column":31},"end":{"line":338,"column":53}},"line":338},"4":{"name":"(anonymous_4)","decl":{"start":{"line":340,"column":29},"end":{"line":340,"column":34}},"loc":{"start":{"line":340,"column":49},"end":{"line":350,"column":1}},"line":340},"5":{"name":"(anonymous_5)","decl":{"start":{"line":352,"column":30},"end":{"line":352,"column":35}},"loc":{"start":{"line":352,"column":50},"end":{"line":383,"column":1}},"line":352},"6":{"name":"(anonymous_6)","decl":{"start":{"line":385,"column":22},"end":{"line":385,"column":27}},"loc":{"start":{"line":385,"column":42},"end":{"line":449,"column":1}},"line":385},"7":{"name":"(anonymous_7)","decl":{"start":{"line":392,"column":57},"end":{"line":392,"column":58}},"loc":{"start":{"line":392,"column":68},"end":{"line":395,"column":5}},"line":392},"8":{"name":"(anonymous_8)","decl":{"start":{"line":451,"column":34},"end":{"line":451,"column":39}},"loc":{"start":{"line":451,"column":54},"end":{"line":516,"column":1}},"line":451}},"branchMap":{"0":{"loc":{"start":{"line":17,"column":2},"end":{"line":17,"column":56}},"type":"binary-expr","locations":[{"start":{"line":17,"column":2},"end":{"line":17,"column":29}},{"start":{"line":17,"column":33},"end":{"line":17,"column":56}}],"line":17},"1":{"loc":{"start":{"line":35,"column":6},"end":{"line":37,"column":null}},"type":"if","locations":[{"start":{"line":35,"column":6},"end":{"line":37,"column":null}},{"start":{},"end":{}}],"line":35},"2":{"loc":{"start":{"line":35,"column":10},"end":{"line":35,"column":53}},"type":"binary-expr","locations":[{"start":{"line":35,"column":10},"end":{"line":35,"column":17}},{"start":{"line":35,"column":21},"end":{"line":35,"column":53}}],"line":35},"3":{"loc":{"start":{"line":75,"column":4},"end":{"line":78,"column":null}},"type":"if","locations":[{"start":{"line":75,"column":4},"end":{"line":78,"column":null}},{"start":{},"end":{}}],"line":75},"4":{"loc":{"start":{"line":75,"column":8},"end":{"line":75,"column":50}},"type":"binary-expr","locations":[{"start":{"line":75,"column":8},"end":{"line":75,"column":19}},{"start":{"line":75,"column":23},"end":{"line":75,"column":50}}],"line":75},"5":{"loc":{"start":{"line":89,"column":23},"end":{"line":89,"column":47}},"type":"binary-expr","locations":[{"start":{"line":89,"column":23},"end":{"line":89,"column":41}},{"start":{"line":89,"column":45},"end":{"line":89,"column":47}}],"line":89},"6":{"loc":{"start":{"line":92,"column":40},"end":{"line":92,"column":86}},"type":"binary-expr","locations":[{"start":{"line":92,"column":40},"end":{"line":92,"column":61}},{"start":{"line":92,"column":65},"end":{"line":92,"column":86}}],"line":92},"7":{"loc":{"start":{"line":96,"column":9},"end":{"line":96,"column":63}},"type":"binary-expr","locations":[{"start":{"line":96,"column":9},"end":{"line":96,"column":32}},{"start":{"line":96,"column":36},"end":{"line":96,"column":63}}],"line":96},"8":{"loc":{"start":{"line":355,"column":4},"end":{"line":357,"column":null}},"type":"if","locations":[{"start":{"line":355,"column":4},"end":{"line":357,"column":null}},{"start":{},"end":{}}],"line":355},"9":{"loc":{"start":{"line":363,"column":28},"end":{"line":363,"column":67}},"type":"cond-expr","locations":[{"start":{"line":363,"column":39},"end":{"line":363,"column":54}},{"start":{"line":363,"column":57},"end":{"line":363,"column":67}}],"line":363},"10":{"loc":{"start":{"line":364,"column":4},"end":{"line":366,"column":null}},"type":"if","locations":[{"start":{"line":364,"column":4},"end":{"line":366,"column":null}},{"start":{},"end":{}}],"line":364},"11":{"loc":{"start":{"line":364,"column":8},"end":{"line":364,"column":78}},"type":"binary-expr","locations":[{"start":{"line":364,"column":8},"end":{"line":364,"column":40}},{"start":{"line":364,"column":44},"end":{"line":364,"column":78}}],"line":364},"12":{"loc":{"start":{"line":369,"column":6},"end":{"line":369,"column":83}},"type":"binary-expr","locations":[{"start":{"line":369,"column":6},"end":{"line":369,"column":9}},{"start":{"line":369,"column":13},"end":{"line":369,"column":83}}],"line":369},"13":{"loc":{"start":{"line":388,"column":4},"end":{"line":390,"column":null}},"type":"if","locations":[{"start":{"line":388,"column":4},"end":{"line":390,"column":null}},{"start":{},"end":{}}],"line":388},"14":{"loc":{"start":{"line":399,"column":4},"end":{"line":409,"column":null}},"type":"if","locations":[{"start":{"line":399,"column":4},"end":{"line":409,"column":null}},{"start":{},"end":{}}],"line":399},"15":{"loc":{"start":{"line":412,"column":4},"end":{"line":432,"column":null}},"type":"if","locations":[{"start":{"line":412,"column":4},"end":{"line":432,"column":null}},{"start":{"line":430,"column":11},"end":{"line":432,"column":null}}],"line":412},"16":{"loc":{"start":{"line":457,"column":4},"end":{"line":457,"column":null}},"type":"if","locations":[{"start":{"line":457,"column":4},"end":{"line":457,"column":null}},{"start":{},"end":{}}],"line":457},"17":{"loc":{"start":{"line":457,"column":8},"end":{"line":457,"column":33}},"type":"binary-expr","locations":[{"start":{"line":457,"column":8},"end":{"line":457,"column":16}},{"start":{"line":457,"column":20},"end":{"line":457,"column":33}}],"line":457},"18":{"loc":{"start":{"line":460,"column":4},"end":{"line":463,"column":null}},"type":"if","locations":[{"start":{"line":460,"column":4},"end":{"line":463,"column":null}},{"start":{},"end":{}}],"line":460},"19":{"loc":{"start":{"line":466,"column":4},"end":{"line":468,"column":null}},"type":"if","locations":[{"start":{"line":466,"column":4},"end":{"line":468,"column":null}},{"start":{},"end":{}}],"line":466},"20":{"loc":{"start":{"line":466,"column":8},"end":{"line":466,"column":67}},"type":"binary-expr","locations":[{"start":{"line":466,"column":8},"end":{"line":466,"column":33}},{"start":{"line":466,"column":37},"end":{"line":466,"column":67}}],"line":466},"21":{"loc":{"start":{"line":473,"column":18},"end":{"line":475,"column":54}},"type":"binary-expr","locations":[{"start":{"line":473,"column":18},"end":{"line":473,"column":null}},{"start":{"line":474,"column":18},"end":{"line":474,"column":null}},{"start":{"line":475,"column":18},"end":{"line":475,"column":54}}],"line":473},"22":{"loc":{"start":{"line":477,"column":4},"end":{"line":480,"column":null}},"type":"if","locations":[{"start":{"line":477,"column":4},"end":{"line":480,"column":null}},{"start":{},"end":{}}],"line":477},"23":{"loc":{"start":{"line":485,"column":4},"end":{"line":488,"column":null}},"type":"if","locations":[{"start":{"line":485,"column":4},"end":{"line":488,"column":null}},{"start":{},"end":{}}],"line":485},"24":{"loc":{"start":{"line":493,"column":4},"end":{"line":502,"column":null}},"type":"if","locations":[{"start":{"line":493,"column":4},"end":{"line":502,"column":null}},{"start":{},"end":{}}],"line":493},"25":{"loc":{"start":{"line":493,"column":8},"end":{"line":493,"column":71}},"type":"binary-expr","locations":[{"start":{"line":493,"column":8},"end":{"line":493,"column":36}},{"start":{"line":493,"column":40},"end":{"line":493,"column":71}}],"line":493},"26":{"loc":{"start":{"line":495,"column":6},"end":{"line":500,"column":null}},"type":"if","locations":[{"start":{"line":495,"column":6},"end":{"line":500,"column":null}},{"start":{},"end":{}}],"line":495},"27":{"loc":{"start":{"line":508,"column":4},"end":{"line":512,"column":null}},"type":"if","locations":[{"start":{"line":508,"column":4},"end":{"line":512,"column":null}},{"start":{"line":510,"column":11},"end":{"line":512,"column":null}}],"line":508}},"s":{"0":2,"1":2,"2":2,"3":2,"4":2,"5":2,"6":6,"7":6,"8":0,"9":2,"10":2,"11":2,"12":2,"13":2,"14":2,"15":2,"16":2,"17":0,"18":2,"19":2,"20":2,"21":2,"22":0,"23":2,"24":1,"25":1,"26":1,"27":0,"28":0,"29":0,"30":2,"31":2,"32":2,"33":2,"34":2,"35":2,"36":0,"37":2,"38":2,"39":2,"40":1,"41":2,"42":1,"43":1,"44":1,"45":1,"46":1,"47":0,"48":0,"49":2,"50":4,"51":4,"52":4,"53":2,"54":2,"55":2,"56":2,"57":4,"58":1,"59":2,"60":4,"61":2,"62":0,"63":0,"64":2,"65":0,"66":0,"67":0,"68":0,"69":0,"70":0,"71":0,"72":0,"73":0,"74":0,"75":0,"76":0,"77":0,"78":0,"79":0,"80":0,"81":0,"82":0,"83":0,"84":2,"85":0,"86":0,"87":0,"88":0,"89":0,"90":0,"91":0,"92":0,"93":0,"94":0,"95":0,"96":0,"97":0,"98":0,"99":0,"100":0,"101":0,"102":0,"103":0,"104":0,"105":0,"106":0,"107":0,"108":0,"109":0,"110":0,"111":0,"112":0,"113":0,"114":0,"115":0,"116":0,"117":0,"118":0},"f":{"0":6,"1":1,"2":0,"3":1,"4":1,"5":4,"6":0,"7":0,"8":0},"b":{"0":[2,0],"1":[6,0],"2":[6,0],"3":[0,1],"4":[1,0],"5":[2,0],"6":[2,0],"7":[2,0],"8":[2,2],"9":[2,0],"10":[1,3],"11":[4,1],"12":[2,1],"13":[0,0],"14":[0,0],"15":[0,0],"16":[0,0],"17":[0,0],"18":[0,0],"19":[0,0],"20":[0,0],"21":[0,0,0],"22":[0,0],"23":[0,0],"24":[0,0],"25":[0,0],"26":[0,0],"27":[0,0]},"meta":{"lastBranch":28,"lastFunction":9,"lastStatement":119,"seen":{"s:15:11:15:21":0,"s:16:24:19:17":1,"b:17:2:17:29:17:33:17:56":0,"s:21:0:29:Infinity":2,"s:30:0:30:Infinity":3,"s:31:0:31:Infinity":4,"s:32:0:41:Infinity":5,"f:34:4:34:10":0,"b:35:6:37:Infinity:undefined:undefined:undefined:undefined":1,"s:35:6:37:Infinity":6,"b:35:10:35:17:35:21:35:53":2,"s:36:8:36:Infinity":7,"s:38:6:38:Infinity":8,"s:42:0:42:Infinity":9,"s:44:22:48:1":10,"s:49:24:49:38":11,"s:50:22:50:56":12,"s:51:26:51:74":13,"s:52:19:57:1":14,"s:58:0:62:Infinity":15,"s:59:2:59:Infinity":16,"s:61:2:61:Infinity":17,"s:64:30:64:82":18,"s:65:23:65:25":19,"s:66:0:70:Infinity":20,"s:67:2:67:Infinity":21,"s:69:2:69:Infinity":22,"s:72:32:82:1":23,"f:72:32:72:37":1,"s:73:2:81:Infinity":24,"s:74:18:74:52":25,"b:75:4:78:Infinity:undefined:undefined:undefined:undefined":3,"s:75:4:78:Infinity":26,"b:75:8:75:19:75:23:75:50":4,"s:76:6:76:Infinity":27,"s:77:6:77:Infinity":28,"s:80:4:80:Infinity":29,"s:83:20:88:1":30,"s:89:23:89:47":31,"b:89:23:89:41:89:45:89:47":5,"s:90:16:98:1":32,"b:92:40:92:61:92:65:92:86":6,"b:96:9:96:32:96:36:96:63":7,"s:100:19:314:2":33,"s:315:0:315:Infinity":34,"s:316:0:316:Infinity":35,"f:316:22:316:23":2,"s:316:34:316:55":36,"s:318:23:329:2":37,"s:331:30:336:2":38,"s:338:0:338:Infinity":39,"f:338:19:338:20":3,"s:338:31:338:53":40,"s:340:0:350:Infinity":41,"f:340:29:340:34":4,"s:341:2:349:Infinity":42,"s:342:4:342:Infinity":43,"s:343:4:343:Infinity":44,"s:344:17:344:65":45,"s:345:4:345:Infinity":46,"s:347:4:347:Infinity":47,"s:348:4:348:Infinity":48,"s:352:0:383:Infinity":49,"f:352:30:352:35":5,"s:353:2:382:Infinity":50,"s:354:24:354:65":51,"b:355:4:357:Infinity:undefined:undefined:undefined:undefined":8,"s:355:4:357:Infinity":52,"s:356:6:356:Infinity":53,"s:359:4:359:Infinity":54,"s:361:42:361:58":55,"s:363:28:363:67":56,"b:363:39:363:54:363:57:363:67":9,"b:364:4:366:Infinity:undefined:undefined:undefined:undefined":10,"s:364:4:366:Infinity":57,"b:364:8:364:40:364:44:364:78":11,"s:365:6:365:Infinity":58,"s:369:6:369:83":59,"b:369:6:369:9:369:13:369:83":12,"s:371:27:376:6":60,"s:378:4:378:Infinity":61,"s:380:4:380:Infinity":62,"s:381:4:381:Infinity":63,"s:385:0:449:Infinity":64,"f:385:22:385:27":6,"s:386:2:448:Infinity":65,"s:387:24:387:58":66,"b:388:4:390:Infinity:undefined:undefined:undefined:undefined":13,"s:388:4:390:Infinity":67,"s:389:6:389:Infinity":68,"s:392:28:395:7":69,"f:392:57:392:58":7,"s:392:68:395:5":70,"s:398:6:398:92":71,"b:399:4:409:Infinity:undefined:undefined:undefined:undefined":14,"s:399:4:409:Infinity":72,"s:400:6:408:Infinity":73,"b:412:4:432:Infinity:430:11:432:Infinity":15,"s:412:4:432:Infinity":74,"s:413:6:429:Infinity":75,"s:414:36:424:1":76,"s:425:8:425:Infinity":77,"s:427:8:427:Infinity":78,"s:428:8:428:Infinity":79,"s:431:6:431:Infinity":80,"s:434:4:438:Infinity":81,"s:440:4:446:Infinity":82,"s:447:4:447:Infinity":83,"s:451:0:516:Infinity":84,"f:451:34:451:39":8,"s:453:2:453:Infinity":85,"s:455:2:515:Infinity":86,"s:456:24:456:32":87,"b:457:4:457:Infinity:undefined:undefined:undefined:undefined":16,"s:457:4:457:Infinity":88,"b:457:8:457:16:457:20:457:33":17,"s:457:35:457:Infinity":89,"s:459:21:459:52":90,"b:460:4:463:Infinity:undefined:undefined:undefined:undefined":18,"s:460:4:463:Infinity":91,"s:461:6:461:Infinity":92,"s:462:6:462:Infinity":93,"b:466:4:468:Infinity:undefined:undefined:undefined:undefined":19,"s:466:4:468:Infinity":94,"b:466:8:466:33:466:37:466:67":20,"s:467:6:467:Infinity":95,"s:470:22:470:51":96,"s:473:18:475:54":97,"b:473:18:473:Infinity:474:18:474:Infinity:475:18:475:54":21,"b:477:4:480:Infinity:undefined:undefined:undefined:undefined":22,"s:477:4:480:Infinity":98,"s:478:6:478:Infinity":99,"s:479:6:479:Infinity":100,"s:482:19:482:34":101,"s:483:20:483:40":102,"b:485:4:488:Infinity:undefined:undefined:undefined:undefined":23,"s:485:4:488:Infinity":103,"s:486:6:486:Infinity":104,"s:487:6:487:Infinity":105,"s:490:17:490:36":106,"b:493:4:502:Infinity:undefined:undefined:undefined:undefined":24,"s:493:4:502:Infinity":107,"b:493:8:493:36:493:40:493:71":25,"s:494:19:494:37":108,"b:495:6:500:Infinity:undefined:undefined:undefined:undefined":26,"s:495:6:500:Infinity":109,"s:496:8:498:Infinity":110,"s:499:8:499:Infinity":111,"s:501:6:501:Infinity":112,"s:504:4:504:Infinity":113,"s:507:16:507:47":114,"b:508:4:512:Infinity:510:11:512:Infinity":27,"s:508:4:512:Infinity":115,"s:509:6:509:Infinity":116,"s:511:6:511:Infinity":117,"s:514:4:514:Infinity":118}}}
,"/Users/julian/portfolio-ai-backend/src/lib/db.js": {"path":"/Users/julian/portfolio-ai-backend/src/lib/db.js","statementMap":{"0":{"start":{"line":3,"column":18},"end":{"line":3,"column":23}},"1":{"start":{"line":6,"column":2},"end":{"line":8,"column":null}},"2":{"start":{"line":7,"column":4},"end":{"line":7,"column":null}},"3":{"start":{"line":10,"column":14},"end":{"line":10,"column":37}},"4":{"start":{"line":11,"column":2},"end":{"line":13,"column":null}},"5":{"start":{"line":12,"column":4},"end":{"line":12,"column":null}},"6":{"start":{"line":15,"column":2},"end":{"line":22,"column":null}},"7":{"start":{"line":16,"column":15},"end":{"line":16,"column":42}},"8":{"start":{"line":17,"column":4},"end":{"line":17,"column":null}},"9":{"start":{"line":18,"column":4},"end":{"line":18,"column":null}},"10":{"start":{"line":20,"column":4},"end":{"line":20,"column":null}},"11":{"start":{"line":21,"column":4},"end":{"line":21,"column":null}}},"fnMap":{"0":{"name":"connectDB","decl":{"start":{"line":5,"column":22},"end":{"line":5,"column":31}},"loc":{"start":{"line":5,"column":34},"end":{"line":23,"column":null}},"line":5}},"branchMap":{"0":{"loc":{"start":{"line":6,"column":2},"end":{"line":8,"column":null}},"type":"if","locations":[{"start":{"line":6,"column":2},"end":{"line":8,"column":null}},{"start":{},"end":{}}],"line":6},"1":{"loc":{"start":{"line":11,"column":2},"end":{"line":13,"column":null}},"type":"if","locations":[{"start":{"line":11,"column":2},"end":{"line":13,"column":null}},{"start":{},"end":{}}],"line":11}},"s":{"0":1,"1":0,"2":0,"3":0,"4":0,"5":0,"6":0,"7":0,"8":0,"9":0,"10":0,"11":0},"f":{"0":0},"b":{"0":[0,0],"1":[0,0]},"meta":{"lastBranch":2,"lastFunction":1,"lastStatement":12,"seen":{"s:3:18:3:23":0,"f:5:22:5:31":0,"b:6:2:8:Infinity:undefined:undefined:undefined:undefined":0,"s:6:2:8:Infinity":1,"s:7:4:7:Infinity":2,"s:10:14:10:37":3,"b:11:2:13:Infinity:undefined:undefined:undefined:undefined":1,"s:11:2:13:Infinity":4,"s:12:4:12:Infinity":5,"s:15:2:22:Infinity":6,"s:16:15:16:42":7,"s:17:4:17:Infinity":8,"s:18:4:18:Infinity":9,"s:20:4:20:Infinity":10,"s:21:4:21:Infinity":11}}}
,"/Users/julian/portfolio-ai-backend/src/lib/gemini.js": {"path":"/Users/julian/portfolio-ai-backend/src/lib/gemini.js","statementMap":{"0":{"start":{"line":3,"column":0},"end":{"line":3,"column":null}},"1":{"start":{"line":14,"column":17},"end":{"line":14,"column":43}},"2":{"start":{"line":15,"column":2},"end":{"line":17,"column":null}},"3":{"start":{"line":16,"column":4},"end":{"line":16,"column":null}},"4":{"start":{"line":20,"column":20},"end":{"line":20,"column":38}},"5":{"start":{"line":21,"column":14},"end":{"line":21,"column":114}},"6":{"start":{"line":24,"column":19},"end":{"line":24,"column":21}},"7":{"start":{"line":25,"column":2},"end":{"line":34,"column":null}},"8":{"start":{"line":26,"column":4},"end":{"line":33,"column":null}},"9":{"start":{"line":27,"column":6},"end":{"line":32,"column":null}},"10":{"start":{"line":28,"column":8},"end":{"line":31,"column":null}},"11":{"start":{"line":37,"column":2},"end":{"line":40,"column":null}},"12":{"start":{"line":42,"column":18},"end":{"line":44,"column":3}},"13":{"start":{"line":47,"column":2},"end":{"line":51,"column":null}},"14":{"start":{"line":48,"column":4},"end":{"line":50,"column":null}},"15":{"start":{"line":53,"column":19},"end":{"line":59,"column":4}},"16":{"start":{"line":61,"column":2},"end":{"line":64,"column":null}},"17":{"start":{"line":62,"column":22},"end":{"line":62,"column":43}},"18":{"start":{"line":63,"column":4},"end":{"line":63,"column":null}},"19":{"start":{"line":66,"column":15},"end":{"line":66,"column":36}},"20":{"start":{"line":67,"column":20},"end":{"line":67,"column":67}},"21":{"start":{"line":68,"column":2},"end":{"line":70,"column":null}},"22":{"start":{"line":69,"column":4},"end":{"line":69,"column":null}},"23":{"start":{"line":72,"column":2},"end":{"line":72,"column":null}}},"fnMap":{"0":{"name":"generateGeminiReply","decl":{"start":{"line":13,"column":22},"end":{"line":13,"column":41}},"loc":{"start":{"line":13,"column":84},"end":{"line":73,"column":null}},"line":13}},"branchMap":{"0":{"loc":{"start":{"line":13,"column":51},"end":{"line":13,"column":63}},"type":"default-arg","locations":[{"start":{"line":13,"column":61},"end":{"line":13,"column":63}}],"line":13},"1":{"loc":{"start":{"line":13,"column":65},"end":{"line":13,"column":82}},"type":"default-arg","locations":[{"start":{"line":13,"column":80},"end":{"line":13,"column":82}}],"line":13},"2":{"loc":{"start":{"line":15,"column":2},"end":{"line":17,"column":null}},"type":"if","locations":[{"start":{"line":15,"column":2},"end":{"line":17,"column":null}},{"start":{},"end":{}}],"line":15},"3":{"loc":{"start":{"line":25,"column":2},"end":{"line":34,"column":null}},"type":"if","locations":[{"start":{"line":25,"column":2},"end":{"line":34,"column":null}},{"start":{},"end":{}}],"line":25},"4":{"loc":{"start":{"line":27,"column":6},"end":{"line":32,"column":null}},"type":"if","locations":[{"start":{"line":27,"column":6},"end":{"line":32,"column":null}},{"start":{},"end":{}}],"line":27},"5":{"loc":{"start":{"line":27,"column":10},"end":{"line":27,"column":33}},"type":"binary-expr","locations":[{"start":{"line":27,"column":10},"end":{"line":27,"column":18}},{"start":{"line":27,"column":22},"end":{"line":27,"column":33}}],"line":27},"6":{"loc":{"start":{"line":29,"column":16},"end":{"line":29,"column":59}},"type":"cond-expr","locations":[{"start":{"line":29,"column":43},"end":{"line":29,"column":50}},{"start":{"line":29,"column":53},"end":{"line":29,"column":59}}],"line":29},"7":{"loc":{"start":{"line":47,"column":2},"end":{"line":51,"column":null}},"type":"if","locations":[{"start":{"line":47,"column":2},"end":{"line":51,"column":null}},{"start":{},"end":{}}],"line":47},"8":{"loc":{"start":{"line":61,"column":2},"end":{"line":64,"column":null}},"type":"if","locations":[{"start":{"line":61,"column":2},"end":{"line":64,"column":null}},{"start":{},"end":{}}],"line":61},"9":{"loc":{"start":{"line":68,"column":2},"end":{"line":70,"column":null}},"type":"if","locations":[{"start":{"line":68,"column":2},"end":{"line":70,"column":null}},{"start":{},"end":{}}],"line":68}},"s":{"0":2,"1":0,"2":0,"3":0,"4":0,"5":0,"6":0,"7":0,"8":0,"9":0,"10":0,"11":0,"12":0,"13":0,"14":0,"15":0,"16":0,"17":0,"18":0,"19":0,"20":0,"21":0,"22":0,"23":0},"f":{"0":0},"b":{"0":[0],"1":[0],"2":[0,0],"3":[0,0],"4":[0,0],"5":[0,0],"6":[0,0],"7":[0,0],"8":[0,0],"9":[0,0]},"meta":{"lastBranch":10,"lastFunction":1,"lastStatement":24,"seen":{"s:3:0:3:Infinity":0,"f:13:22:13:41":0,"b:13:61:13:63":0,"b:13:80:13:82":1,"s:14:17:14:43":1,"b:15:2:17:Infinity:undefined:undefined:undefined:undefined":2,"s:15:2:17:Infinity":2,"s:16:4:16:Infinity":3,"s:20:20:20:38":4,"s:21:14:21:114":5,"s:24:19:24:21":6,"b:25:2:34:Infinity:undefined:undefined:undefined:undefined":3,"s:25:2:34:Infinity":7,"s:26:4:33:Infinity":8,"b:27:6:32:Infinity:undefined:undefined:undefined:undefined":4,"s:27:6:32:Infinity":9,"b:27:10:27:18:27:22:27:33":5,"s:28:8:31:Infinity":10,"b:29:43:29:50:29:53:29:59":6,"s:37:2:40:Infinity":11,"s:42:18:44:3":12,"b:47:2:51:Infinity:undefined:undefined:undefined:undefined":7,"s:47:2:51:Infinity":13,"s:48:4:50:Infinity":14,"s:53:19:59:4":15,"b:61:2:64:Infinity:undefined:undefined:undefined:undefined":8,"s:61:2:64:Infinity":16,"s:62:22:62:43":17,"s:63:4:63:Infinity":18,"s:66:15:66:36":19,"s:67:20:67:67":20,"b:68:2:70:Infinity:undefined:undefined:undefined:undefined":9,"s:68:2:70:Infinity":21,"s:69:4:69:Infinity":22,"s:72:2:72:Infinity":23}}}
,"/Users/julian/portfolio-ai-backend/src/lib/sockets.js": {"path":"/Users/julian/portfolio-ai-backend/src/lib/sockets.js","statementMap":{"0":{"start":{"line":5,"column":14},"end":{"line":5,"column":21}},"1":{"start":{"line":9,"column":24},"end":{"line":9,"column":33}},"2":{"start":{"line":10,"column":19},"end":{"line":10,"column":23}},"3":{"start":{"line":12,"column":22},"end":{"line":16,"column":1}},"4":{"start":{"line":19,"column":2},"end":{"line":22,"column":null}},"5":{"start":{"line":20,"column":4},"end":{"line":20,"column":null}},"6":{"start":{"line":21,"column":4},"end":{"line":21,"column":null}},"7":{"start":{"line":23,"column":2},"end":{"line":23,"column":null}},"8":{"start":{"line":27,"column":18},"end":{"line":27,"column":38}},"9":{"start":{"line":28,"column":2},"end":{"line":38,"column":null}},"10":{"start":{"line":29,"column":4},"end":{"line":29,"column":null}},"11":{"start":{"line":30,"column":4},"end":{"line":36,"column":null}},"12":{"start":{"line":31,"column":6},"end":{"line":31,"column":null}},"13":{"start":{"line":32,"column":6},"end":{"line":35,"column":null}},"14":{"start":{"line":37,"column":4},"end":{"line":37,"column":null}},"15":{"start":{"line":39,"column":2},"end":{"line":39,"column":null}},"16":{"start":{"line":43,"column":2},"end":{"line":43,"column":null}},"17":{"start":{"line":44,"column":2},"end":{"line":44,"column":null}},"18":{"start":{"line":46,"column":2},"end":{"line":166,"column":null}},"19":{"start":{"line":47,"column":4},"end":{"line":47,"column":null}},"20":{"start":{"line":50,"column":4},"end":{"line":72,"column":null}},"21":{"start":{"line":51,"column":6},"end":{"line":51,"column":null}},"22":{"start":{"line":51,"column":19},"end":{"line":51,"column":null}},"23":{"start":{"line":53,"column":6},"end":{"line":53,"column":null}},"24":{"start":{"line":54,"column":6},"end":{"line":54,"column":null}},"25":{"start":{"line":57,"column":6},"end":{"line":71,"column":null}},"26":{"start":{"line":58,"column":24},"end":{"line":58,"column":44}},"27":{"start":{"line":59,"column":8},"end":{"line":59,"column":37}},"28":{"start":{"line":60,"column":8},"end":{"line":60,"column":null}},"29":{"start":{"line":62,"column":8},"end":{"line":62,"column":null}},"30":{"start":{"line":64,"column":8},"end":{"line":68,"column":null}},"31":{"start":{"line":69,"column":8},"end":{"line":69,"column":null}},"32":{"start":{"line":70,"column":8},"end":{"line":70,"column":null}},"33":{"start":{"line":75,"column":4},"end":{"line":125,"column":null}},"34":{"start":{"line":76,"column":6},"end":{"line":76,"column":null}},"35":{"start":{"line":76,"column":28},"end":{"line":76,"column":null}},"36":{"start":{"line":78,"column":22},"end":{"line":78,"column":42}},"37":{"start":{"line":79,"column":6},"end":{"line":82,"column":null}},"38":{"start":{"line":80,"column":8},"end":{"line":80,"column":null}},"39":{"start":{"line":81,"column":8},"end":{"line":81,"column":null}},"40":{"start":{"line":85,"column":6},"end":{"line":85,"column":null}},"41":{"start":{"line":87,"column":6},"end":{"line":124,"column":null}},"42":{"start":{"line":89,"column":8},"end":{"line":89,"column":null}},"43":{"start":{"line":90,"column":29},"end":{"line":92,"column":9}},"44":{"start":{"line":93,"column":8},"end":{"line":101,"column":null}},"45":{"start":{"line":94,"column":10},"end":{"line":97,"column":null}},"46":{"start":{"line":99,"column":10},"end":{"line":99,"column":null}},"47":{"start":{"line":100,"column":10},"end":{"line":100,"column":null}},"48":{"start":{"line":104,"column":8},"end":{"line":104,"column":null}},"49":{"start":{"line":105,"column":8},"end":{"line":123,"column":null}},"50":{"start":{"line":107,"column":34},"end":{"line":110,"column":13}},"51":{"start":{"line":107,"column":75},"end":{"line":110,"column":11}},"52":{"start":{"line":112,"column":24},"end":{"line":112,"column":87}},"53":{"start":{"line":113,"column":10},"end":{"line":113,"column":null}},"54":{"start":{"line":116,"column":10},"end":{"line":116,"column":null}},"55":{"start":{"line":118,"column":10},"end":{"line":118,"column":null}},"56":{"start":{"line":119,"column":10},"end":{"line":122,"column":null}},"57":{"start":{"line":128,"column":4},"end":{"line":148,"column":null}},"58":{"start":{"line":129,"column":6},"end":{"line":129,"column":null}},"59":{"start":{"line":129,"column":19},"end":{"line":129,"column":null}},"60":{"start":{"line":131,"column":22},"end":{"line":131,"column":42}},"61":{"start":{"line":132,"column":6},"end":{"line":132,"column":null}},"62":{"start":{"line":132,"column":20},"end":{"line":132,"column":null}},"63":{"start":{"line":134,"column":6},"end":{"line":134,"column":null}},"64":{"start":{"line":135,"column":6},"end":{"line":135,"column":null}},"65":{"start":{"line":138,"column":6},"end":{"line":138,"column":null}},"66":{"start":{"line":139,"column":6},"end":{"line":142,"column":null}},"67":{"start":{"line":145,"column":6},"end":{"line":147,"column":null}},"68":{"start":{"line":151,"column":4},"end":{"line":160,"column":null}},"69":{"start":{"line":152,"column":6},"end":{"line":152,"column":null}},"70":{"start":{"line":152,"column":19},"end":{"line":152,"column":null}},"71":{"start":{"line":153,"column":20},"end":{"line":153,"column":37}},"72":{"start":{"line":154,"column":6},"end":{"line":159,"column":null}},"73":{"start":{"line":155,"column":8},"end":{"line":155,"column":null}},"74":{"start":{"line":156,"column":8},"end":{"line":158,"column":null}},"75":{"start":{"line":162,"column":4},"end":{"line":165,"column":null}},"76":{"start":{"line":163,"column":6},"end":{"line":163,"column":null}}},"fnMap":{"0":{"name":"sendAdminMessage","decl":{"start":{"line":18,"column":16},"end":{"line":18,"column":32}},"loc":{"start":{"line":18,"column":47},"end":{"line":24,"column":null}},"line":18},"1":{"name":"resetToAi","decl":{"start":{"line":26,"column":16},"end":{"line":26,"column":25}},"loc":{"start":{"line":26,"column":34},"end":{"line":40,"column":null}},"line":26},"2":{"name":"initSockets","decl":{"start":{"line":42,"column":16},"end":{"line":42,"column":27}},"loc":{"start":{"line":42,"column":32},"end":{"line":167,"column":null}},"line":42},"3":{"name":"(anonymous_3)","decl":{"start":{"line":46,"column":22},"end":{"line":46,"column":23}},"loc":{"start":{"line":46,"column":34},"end":{"line":166,"column":3}},"line":46},"4":{"name":"(anonymous_4)","decl":{"start":{"line":50,"column":27},"end":{"line":50,"column":28}},"loc":{"start":{"line":50,"column":43},"end":{"line":72,"column":5}},"line":50},"5":{"name":"(anonymous_5)","decl":{"start":{"line":75,"column":33},"end":{"line":75,"column":38}},"loc":{"start":{"line":75,"column":61},"end":{"line":125,"column":5}},"line":75},"6":{"name":"(anonymous_6)","decl":{"start":{"line":107,"column":67},"end":{"line":107,"column":68}},"loc":{"start":{"line":107,"column":75},"end":{"line":110,"column":11}},"line":107},"7":{"name":"(anonymous_7)","decl":{"start":{"line":128,"column":35},"end":{"line":128,"column":40}},"loc":{"start":{"line":128,"column":57},"end":{"line":148,"column":5}},"line":128},"8":{"name":"(anonymous_8)","decl":{"start":{"line":151,"column":32},"end":{"line":151,"column":37}},"loc":{"start":{"line":151,"column":54},"end":{"line":160,"column":5}},"line":151},"9":{"name":"(anonymous_9)","decl":{"start":{"line":162,"column":28},"end":{"line":162,"column":29}},"loc":{"start":{"line":162,"column":34},"end":{"line":165,"column":5}},"line":162}},"branchMap":{"0":{"loc":{"start":{"line":19,"column":2},"end":{"line":22,"column":null}},"type":"if","locations":[{"start":{"line":19,"column":2},"end":{"line":22,"column":null}},{"start":{},"end":{}}],"line":19},"1":{"loc":{"start":{"line":28,"column":2},"end":{"line":38,"column":null}},"type":"if","locations":[{"start":{"line":28,"column":2},"end":{"line":38,"column":null}},{"start":{},"end":{}}],"line":28},"2":{"loc":{"start":{"line":30,"column":4},"end":{"line":36,"column":null}},"type":"if","locations":[{"start":{"line":30,"column":4},"end":{"line":36,"column":null}},{"start":{},"end":{}}],"line":30},"3":{"loc":{"start":{"line":51,"column":6},"end":{"line":51,"column":null}},"type":"if","locations":[{"start":{"line":51,"column":6},"end":{"line":51,"column":null}},{"start":{},"end":{}}],"line":51},"4":{"loc":{"start":{"line":57,"column":6},"end":{"line":71,"column":null}},"type":"if","locations":[{"start":{"line":57,"column":6},"end":{"line":71,"column":null}},{"start":{"line":63,"column":13},"end":{"line":71,"column":null}}],"line":57},"5":{"loc":{"start":{"line":76,"column":6},"end":{"line":76,"column":null}},"type":"if","locations":[{"start":{"line":76,"column":6},"end":{"line":76,"column":null}},{"start":{},"end":{}}],"line":76},"6":{"loc":{"start":{"line":76,"column":10},"end":{"line":76,"column":26}},"type":"binary-expr","locations":[{"start":{"line":76,"column":10},"end":{"line":76,"column":17}},{"start":{"line":76,"column":21},"end":{"line":76,"column":26}}],"line":76},"7":{"loc":{"start":{"line":79,"column":6},"end":{"line":82,"column":null}},"type":"if","locations":[{"start":{"line":79,"column":6},"end":{"line":82,"column":null}},{"start":{},"end":{}}],"line":79},"8":{"loc":{"start":{"line":87,"column":6},"end":{"line":124,"column":null}},"type":"if","locations":[{"start":{"line":87,"column":6},"end":{"line":124,"column":null}},{"start":{"line":102,"column":13},"end":{"line":124,"column":null}}],"line":87},"9":{"loc":{"start":{"line":93,"column":8},"end":{"line":101,"column":null}},"type":"if","locations":[{"start":{"line":93,"column":8},"end":{"line":101,"column":null}},{"start":{},"end":{}}],"line":93},"10":{"loc":{"start":{"line":108,"column":18},"end":{"line":108,"column":58}},"type":"cond-expr","locations":[{"start":{"line":108,"column":38},"end":{"line":108,"column":44}},{"start":{"line":108,"column":47},"end":{"line":108,"column":58}}],"line":108},"11":{"loc":{"start":{"line":129,"column":6},"end":{"line":129,"column":null}},"type":"if","locations":[{"start":{"line":129,"column":6},"end":{"line":129,"column":null}},{"start":{},"end":{}}],"line":129},"12":{"loc":{"start":{"line":132,"column":6},"end":{"line":132,"column":null}},"type":"if","locations":[{"start":{"line":132,"column":6},"end":{"line":132,"column":null}},{"start":{},"end":{}}],"line":132},"13":{"loc":{"start":{"line":152,"column":6},"end":{"line":152,"column":null}},"type":"if","locations":[{"start":{"line":152,"column":6},"end":{"line":152,"column":null}},{"start":{},"end":{}}],"line":152},"14":{"loc":{"start":{"line":154,"column":6},"end":{"line":159,"column":null}},"type":"if","locations":[{"start":{"line":154,"column":6},"end":{"line":159,"column":null}},{"start":{},"end":{}}],"line":154}},"s":{"0":2,"1":2,"2":2,"3":2,"4":0,"5":0,"6":0,"7":0,"8":0,"9":0,"10":0,"11":0,"12":0,"13":0,"14":0,"15":0,"16":0,"17":0,"18":0,"19":0,"20":0,"21":0,"22":0,"23":0,"24":0,"25":0,"26":0,"27":0,"28":0,"29":0,"30":0,"31":0,"32":0,"33":0,"34":0,"35":0,"36":0,"37":0,"38":0,"39":0,"40":0,"41":0,"42":0,"43":0,"44":0,"45":0,"46":0,"47":0,"48":0,"49":0,"50":0,"51":0,"52":0,"53":0,"54":0,"55":0,"56":0,"57":0,"58":0,"59":0,"60":0,"61":0,"62":0,"63":0,"64":0,"65":0,"66":0,"67":0,"68":0,"69":0,"70":0,"71":0,"72":0,"73":0,"74":0,"75":0,"76":0},"f":{"0":0,"1":0,"2":0,"3":0,"4":0,"5":0,"6":0,"7":0,"8":0,"9":0},"b":{"0":[0,0],"1":[0,0],"2":[0,0],"3":[0,0],"4":[0,0],"5":[0,0],"6":[0,0],"7":[0,0],"8":[0,0],"9":[0,0],"10":[0,0],"11":[0,0],"12":[0,0],"13":[0,0],"14":[0,0]},"meta":{"lastBranch":15,"lastFunction":10,"lastStatement":77,"seen":{"s:5:14:5:21":0,"s:9:24:9:33":1,"s:10:19:10:23":2,"s:12:22:16:1":3,"f:18:16:18:32":0,"b:19:2:22:Infinity:undefined:undefined:undefined:undefined":0,"s:19:2:22:Infinity":4,"s:20:4:20:Infinity":5,"s:21:4:21:Infinity":6,"s:23:2:23:Infinity":7,"f:26:16:26:25":1,"s:27:18:27:38":8,"b:28:2:38:Infinity:undefined:undefined:undefined:undefined":1,"s:28:2:38:Infinity":9,"s:29:4:29:Infinity":10,"b:30:4:36:Infinity:undefined:undefined:undefined:undefined":2,"s:30:4:36:Infinity":11,"s:31:6:31:Infinity":12,"s:32:6:35:Infinity":13,"s:37:4:37:Infinity":14,"s:39:2:39:Infinity":15,"f:42:16:42:27":2,"s:43:2:43:Infinity":16,"s:44:2:44:Infinity":17,"s:46:2:166:Infinity":18,"f:46:22:46:23":3,"s:47:4:47:Infinity":19,"s:50:4:72:Infinity":20,"f:50:27:50:28":4,"b:51:6:51:Infinity:undefined:undefined:undefined:undefined":3,"s:51:6:51:Infinity":21,"s:51:19:51:Infinity":22,"s:53:6:53:Infinity":23,"s:54:6:54:Infinity":24,"b:57:6:71:Infinity:63:13:71:Infinity":4,"s:57:6:71:Infinity":25,"s:58:24:58:44":26,"s:59:8:59:37":27,"s:60:8:60:Infinity":28,"s:62:8:62:Infinity":29,"s:64:8:68:Infinity":30,"s:69:8:69:Infinity":31,"s:70:8:70:Infinity":32,"s:75:4:125:Infinity":33,"f:75:33:75:38":5,"b:76:6:76:Infinity:undefined:undefined:undefined:undefined":5,"s:76:6:76:Infinity":34,"b:76:10:76:17:76:21:76:26":6,"s:76:28:76:Infinity":35,"s:78:22:78:42":36,"b:79:6:82:Infinity:undefined:undefined:undefined:undefined":7,"s:79:6:82:Infinity":37,"s:80:8:80:Infinity":38,"s:81:8:81:Infinity":39,"s:85:6:85:Infinity":40,"b:87:6:124:Infinity:102:13:124:Infinity":8,"s:87:6:124:Infinity":41,"s:89:8:89:Infinity":42,"s:90:29:92:9":43,"b:93:8:101:Infinity:undefined:undefined:undefined:undefined":9,"s:93:8:101:Infinity":44,"s:94:10:97:Infinity":45,"s:99:10:99:Infinity":46,"s:100:10:100:Infinity":47,"s:104:8:104:Infinity":48,"s:105:8:123:Infinity":49,"s:107:34:110:13":50,"f:107:67:107:68":6,"s:107:75:110:11":51,"b:108:38:108:44:108:47:108:58":10,"s:112:24:112:87":52,"s:113:10:113:Infinity":53,"s:116:10:116:Infinity":54,"s:118:10:118:Infinity":55,"s:119:10:122:Infinity":56,"s:128:4:148:Infinity":57,"f:128:35:128:40":7,"b:129:6:129:Infinity:undefined:undefined:undefined:undefined":11,"s:129:6:129:Infinity":58,"s:129:19:129:Infinity":59,"s:131:22:131:42":60,"b:132:6:132:Infinity:undefined:undefined:undefined:undefined":12,"s:132:6:132:Infinity":61,"s:132:20:132:Infinity":62,"s:134:6:134:Infinity":63,"s:135:6:135:Infinity":64,"s:138:6:138:Infinity":65,"s:139:6:142:Infinity":66,"s:145:6:147:Infinity":67,"s:151:4:160:Infinity":68,"f:151:32:151:37":8,"b:152:6:152:Infinity:undefined:undefined:undefined:undefined":13,"s:152:6:152:Infinity":69,"s:152:19:152:Infinity":70,"s:153:20:153:37":71,"b:154:6:159:Infinity:undefined:undefined:undefined:undefined":14,"s:154:6:159:Infinity":72,"s:155:8:155:Infinity":73,"s:156:8:158:Infinity":74,"s:162:4:165:Infinity":75,"f:162:28:162:29":9,"s:163:6:163:Infinity":76}}}
,"/Users/julian/portfolio-ai-backend/src/lib/telegram.js": {"path":"/Users/julian/portfolio-ai-backend/src/lib/telegram.js","statementMap":{"0":{"start":{"line":3,"column":14},"end":{"line":3,"column":21}},"1":{"start":{"line":10,"column":4},"end":{"line":10,"column":null}},"2":{"start":{"line":11,"column":4},"end":{"line":11,"column":null}},"3":{"start":{"line":12,"column":4},"end":{"line":12,"column":null}},"4":{"start":{"line":13,"column":4},"end":{"line":13,"column":null}},"5":{"start":{"line":20,"column":4},"end":{"line":20,"column":null}},"6":{"start":{"line":27,"column":4},"end":{"line":30,"column":null}},"7":{"start":{"line":28,"column":6},"end":{"line":28,"column":null}},"8":{"start":{"line":29,"column":6},"end":{"line":29,"column":null}},"9":{"start":{"line":32,"column":4},"end":{"line":53,"column":null}},"10":{"start":{"line":33,"column":23},"end":{"line":41,"column":8}},"11":{"start":{"line":43,"column":6},"end":{"line":47,"column":null}},"12":{"start":{"line":44,"column":26},"end":{"line":44,"column":47}},"13":{"start":{"line":45,"column":8},"end":{"line":45,"column":null}},"14":{"start":{"line":46,"column":8},"end":{"line":46,"column":null}},"15":{"start":{"line":49,"column":6},"end":{"line":49,"column":null}},"16":{"start":{"line":51,"column":6},"end":{"line":51,"column":null}},"17":{"start":{"line":52,"column":6},"end":{"line":52,"column":null}},"18":{"start":{"line":60,"column":4},"end":{"line":63,"column":null}},"19":{"start":{"line":61,"column":6},"end":{"line":61,"column":null}},"20":{"start":{"line":62,"column":6},"end":{"line":62,"column":null}},"21":{"start":{"line":65,"column":4},"end":{"line":70,"column":null}},"22":{"start":{"line":66,"column":6},"end":{"line":68,"column":null}},"23":{"start":{"line":69,"column":6},"end":{"line":69,"column":null}},"24":{"start":{"line":72,"column":21},"end":{"line":72,"column":62}},"25":{"start":{"line":73,"column":4},"end":{"line":73,"column":null}},"26":{"start":{"line":75,"column":4},"end":{"line":93,"column":null}},"27":{"start":{"line":76,"column":23},"end":{"line":80,"column":8}},"28":{"start":{"line":82,"column":21},"end":{"line":82,"column":42}},"29":{"start":{"line":83,"column":6},"end":{"line":89,"column":null}},"30":{"start":{"line":84,"column":8},"end":{"line":84,"column":null}},"31":{"start":{"line":85,"column":8},"end":{"line":85,"column":null}},"32":{"start":{"line":87,"column":8},"end":{"line":87,"column":null}},"33":{"start":{"line":88,"column":8},"end":{"line":88,"column":null}},"34":{"start":{"line":91,"column":6},"end":{"line":91,"column":null}},"35":{"start":{"line":92,"column":6},"end":{"line":92,"column":null}},"36":{"start":{"line":97,"column":24},"end":{"line":97,"column":44}}},"fnMap":{"0":{"name":"(anonymous_0)","decl":{"start":{"line":9,"column":2},"end":{"line":9,"column":13}},"loc":{"start":{"line":9,"column":16},"end":{"line":14,"column":null}},"line":9},"1":{"name":"(anonymous_1)","decl":{"start":{"line":19,"column":2},"end":{"line":19,"column":9}},"loc":{"start":{"line":19,"column":12},"end":{"line":21,"column":null}},"line":19},"2":{"name":"(anonymous_2)","decl":{"start":{"line":26,"column":8},"end":{"line":26,"column":19}},"loc":{"start":{"line":26,"column":26},"end":{"line":54,"column":null}},"line":26},"3":{"name":"(anonymous_3)","decl":{"start":{"line":59,"column":8},"end":{"line":59,"column":18}},"loc":{"start":{"line":59,"column":21},"end":{"line":94,"column":null}},"line":59}},"branchMap":{"0":{"loc":{"start":{"line":20,"column":14},"end":{"line":20,"column":39}},"type":"binary-expr","locations":[{"start":{"line":20,"column":14},"end":{"line":20,"column":24}},{"start":{"line":20,"column":28},"end":{"line":20,"column":39}}],"line":20},"1":{"loc":{"start":{"line":27,"column":4},"end":{"line":30,"column":null}},"type":"if","locations":[{"start":{"line":27,"column":4},"end":{"line":30,"column":null}},{"start":{},"end":{}}],"line":27},"2":{"loc":{"start":{"line":43,"column":6},"end":{"line":47,"column":null}},"type":"if","locations":[{"start":{"line":43,"column":6},"end":{"line":47,"column":null}},{"start":{},"end":{}}],"line":43},"3":{"loc":{"start":{"line":60,"column":4},"end":{"line":63,"column":null}},"type":"if","locations":[{"start":{"line":60,"column":4},"end":{"line":63,"column":null}},{"start":{},"end":{}}],"line":60},"4":{"loc":{"start":{"line":65,"column":4},"end":{"line":70,"column":null}},"type":"if","locations":[{"start":{"line":65,"column":4},"end":{"line":70,"column":null}},{"start":{},"end":{}}],"line":65},"5":{"loc":{"start":{"line":83,"column":6},"end":{"line":89,"column":null}},"type":"if","locations":[{"start":{"line":83,"column":6},"end":{"line":89,"column":null}},{"start":{"line":86,"column":13},"end":{"line":89,"column":null}}],"line":83}},"s":{"0":2,"1":2,"2":2,"3":2,"4":2,"5":0,"6":0,"7":0,"8":0,"9":0,"10":0,"11":0,"12":0,"13":0,"14":0,"15":0,"16":0,"17":0,"18":0,"19":0,"20":0,"21":0,"22":0,"23":0,"24":0,"25":0,"26":0,"27":0,"28":0,"29":0,"30":0,"31":0,"32":0,"33":0,"34":0,"35":0,"36":2},"f":{"0":2,"1":0,"2":0,"3":0},"b":{"0":[0,0],"1":[0,0],"2":[0,0],"3":[0,0],"4":[0,0],"5":[0,0]},"meta":{"lastBranch":6,"lastFunction":4,"lastStatement":37,"seen":{"s:3:14:3:21":0,"f:9:2:9:13":0,"s:10:4:10:Infinity":1,"s:11:4:11:Infinity":2,"s:12:4:12:Infinity":3,"s:13:4:13:Infinity":4,"f:19:2:19:9":1,"s:20:4:20:Infinity":5,"b:20:14:20:24:20:28:20:39":0,"f:26:8:26:19":2,"b:27:4:30:Infinity:undefined:undefined:undefined:undefined":1,"s:27:4:30:Infinity":6,"s:28:6:28:Infinity":7,"s:29:6:29:Infinity":8,"s:32:4:53:Infinity":9,"s:33:23:41:8":10,"b:43:6:47:Infinity:undefined:undefined:undefined:undefined":2,"s:43:6:47:Infinity":11,"s:44:26:44:47":12,"s:45:8:45:Infinity":13,"s:46:8:46:Infinity":14,"s:49:6:49:Infinity":15,"s:51:6:51:Infinity":16,"s:52:6:52:Infinity":17,"f:59:8:59:18":3,"b:60:4:63:Infinity:undefined:undefined:undefined:undefined":3,"s:60:4:63:Infinity":18,"s:61:6:61:Infinity":19,"s:62:6:62:Infinity":20,"b:65:4:70:Infinity:undefined:undefined:undefined:undefined":4,"s:65:4:70:Infinity":21,"s:66:6:68:Infinity":22,"s:69:6:69:Infinity":23,"s:72:21:72:62":24,"s:73:4:73:Infinity":25,"s:75:4:93:Infinity":26,"s:76:23:80:8":27,"s:82:21:82:42":28,"b:83:6:89:Infinity:86:13:89:Infinity":5,"s:83:6:89:Infinity":29,"s:84:8:84:Infinity":30,"s:85:8:85:Infinity":31,"s:87:8:87:Infinity":32,"s:88:8:88:Infinity":33,"s:91:6:91:Infinity":34,"s:92:6:92:Infinity":35,"s:97:24:97:44":36}}}
,"/Users/julian/portfolio-ai-backend/src/models/testimonial.model.js": {"path":"/Users/julian/portfolio-ai-backend/src/models/testimonial.model.js","statementMap":{"0":{"start":{"line":3,"column":26},"end":{"line":30,"column":1}},"1":{"start":{"line":33,"column":0},"end":{"line":38,"column":null}},"2":{"start":{"line":35,"column":4},"end":{"line":35,"column":null}},"3":{"start":{"line":36,"column":4},"end":{"line":36,"column":null}},"4":{"start":{"line":40,"column":27},"end":{"line":40,"column":75}}},"fnMap":{"0":{"name":"(anonymous_0)","decl":{"start":{"line":34,"column":13},"end":{"line":34,"column":14}},"loc":{"start":{"line":34,"column":25},"end":{"line":37,"column":3}},"line":34}},"branchMap":{},"s":{"0":1,"1":1,"2":0,"3":0,"4":1},"f":{"0":0},"b":{},"meta":{"lastBranch":0,"lastFunction":1,"lastStatement":5,"seen":{"s:3:26:30:1":0,"s:33:0:38:Infinity":1,"f:34:13:34:14":0,"s:35:4:35:Infinity":2,"s:36:4:36:Infinity":3,"s:40:27:40:75":4}}}
}
