{"/Users/julian/portfolio-ai-backend/src/app.js": {"path":"/Users/julian/portfolio-ai-backend/src/app.js","statementMap":{"0":{"start":{"line":12,"column":11},"end":{"line":12,"column":21}},"1":{"start":{"line":13,"column":24},"end":{"line":16,"column":17}},"2":{"start":{"line":18,"column":0},"end":{"line":26,"column":null}},"3":{"start":{"line":27,"column":0},"end":{"line":27,"column":null}},"4":{"start":{"line":28,"column":0},"end":{"line":28,"column":null}},"5":{"start":{"line":29,"column":0},"end":{"line":38,"column":null}},"6":{"start":{"line":32,"column":6},"end":{"line":34,"column":null}},"7":{"start":{"line":33,"column":8},"end":{"line":33,"column":null}},"8":{"start":{"line":35,"column":6},"end":{"line":35,"column":null}},"9":{"start":{"line":39,"column":0},"end":{"line":39,"column":null}},"10":{"start":{"line":41,"column":22},"end":{"line":45,"column":1}},"11":{"start":{"line":46,"column":24},"end":{"line":46,"column":38}},"12":{"start":{"line":47,"column":22},"end":{"line":47,"column":56}},"13":{"start":{"line":48,"column":26},"end":{"line":48,"column":74}},"14":{"start":{"line":49,"column":19},"end":{"line":54,"column":1}},"15":{"start":{"line":55,"column":0},"end":{"line":59,"column":null}},"16":{"start":{"line":56,"column":2},"end":{"line":56,"column":null}},"17":{"start":{"line":58,"column":2},"end":{"line":58,"column":null}},"18":{"start":{"line":61,"column":30},"end":{"line":61,"column":82}},"19":{"start":{"line":62,"column":23},"end":{"line":62,"column":25}},"20":{"start":{"line":63,"column":0},"end":{"line":67,"column":null}},"21":{"start":{"line":64,"column":2},"end":{"line":64,"column":null}},"22":{"start":{"line":66,"column":2},"end":{"line":66,"column":null}},"23":{"start":{"line":69,"column":32},"end":{"line":79,"column":1}},"24":{"start":{"line":70,"column":2},"end":{"line":78,"column":null}},"25":{"start":{"line":71,"column":18},"end":{"line":71,"column":52}},"26":{"start":{"line":72,"column":4},"end":{"line":75,"column":null}},"27":{"start":{"line":73,"column":6},"end":{"line":73,"column":null}},"28":{"start":{"line":74,"column":6},"end":{"line":74,"column":null}},"29":{"start":{"line":77,"column":4},"end":{"line":77,"column":null}},"30":{"start":{"line":80,"column":20},"end":{"line":85,"column":1}},"31":{"start":{"line":86,"column":23},"end":{"line":86,"column":47}},"32":{"start":{"line":87,"column":16},"end":{"line":95,"column":1}},"33":{"start":{"line":96,"column":23},"end":{"line":166,"column":1}},"34":{"start":{"line":97,"column":14},"end":{"line":97,"column":35}},"35":{"start":{"line":98,"column":21},"end":{"line":98,"column":72}},"36":{"start":{"line":99,"column":23},"end":{"line":99,"column":87}},"37":{"start":{"line":99,"column":64},"end":{"line":99,"column":70}},"38":{"start":{"line":100,"column":17},"end":{"line":100,"column":60}},"39":{"start":{"line":101,"column":15},"end":{"line":101,"column":65}},"40":{"start":{"line":102,"column":18},"end":{"line":102,"column":53}},"41":{"start":{"line":103,"column":15},"end":{"line":103,"column":60}},"42":{"start":{"line":104,"column":21},"end":{"line":104,"column":50}},"43":{"start":{"line":106,"column":2},"end":{"line":108,"column":null}},"44":{"start":{"line":107,"column":4},"end":{"line":107,"column":null}},"45":{"start":{"line":110,"column":2},"end":{"line":112,"column":null}},"46":{"start":{"line":111,"column":4},"end":{"line":111,"column":null}},"47":{"start":{"line":114,"column":2},"end":{"line":120,"column":null}},"48":{"start":{"line":115,"column":4},"end":{"line":117,"column":null}},"49":{"start":{"line":116,"column":6},"end":{"line":116,"column":null}},"50":{"start":{"line":118,"column":24},"end":{"line":118,"column":59}},"51":{"start":{"line":119,"column":4},"end":{"line":119,"column":null}},"52":{"start":{"line":122,"column":25},"end":{"line":125,"column":4}},"53":{"start":{"line":123,"column":22},"end":{"line":123,"column":97}},"54":{"start":{"line":124,"column":4},"end":{"line":124,"column":null}},"55":{"start":{"line":126,"column":2},"end":{"line":131,"column":null}},"56":{"start":{"line":127,"column":18},"end":{"line":127,"column":57}},"57":{"start":{"line":128,"column":4},"end":{"line":130,"column":null}},"58":{"start":{"line":133,"column":2},"end":{"line":138,"column":null}},"59":{"start":{"line":134,"column":4},"end":{"line":136,"column":null}},"60":{"start":{"line":135,"column":6},"end":{"line":135,"column":null}},"61":{"start":{"line":137,"column":4},"end":{"line":137,"column":null}},"62":{"start":{"line":140,"column":2},"end":{"line":146,"column":null}},"63":{"start":{"line":141,"column":4},"end":{"line":143,"column":null}},"64":{"start":{"line":142,"column":6},"end":{"line":142,"column":null}},"65":{"start":{"line":144,"column":19},"end":{"line":144,"column":52}},"66":{"start":{"line":145,"column":4},"end":{"line":145,"column":null}},"67":{"start":{"line":148,"column":2},"end":{"line":150,"column":null}},"68":{"start":{"line":149,"column":4},"end":{"line":149,"column":null}},"69":{"start":{"line":152,"column":2},"end":{"line":156,"column":null}},"70":{"start":{"line":153,"column":4},"end":{"line":155,"column":null}},"71":{"start":{"line":158,"column":2},"end":{"line":163,"column":null}},"72":{"start":{"line":159,"column":4},"end":{"line":161,"column":null}},"73":{"start":{"line":160,"column":6},"end":{"line":160,"column":null}},"74":{"start":{"line":162,"column":4},"end":{"line":162,"column":null}},"75":{"start":{"line":165,"column":2},"end":{"line":165,"column":null}},"76":{"start":{"line":167,"column":19},"end":{"line":381,"column":2}},"77":{"start":{"line":382,"column":0},"end":{"line":382,"column":null}},"78":{"start":{"line":383,"column":0},"end":{"line":383,"column":null}},"79":{"start":{"line":383,"column":34},"end":{"line":383,"column":55}},"80":{"start":{"line":385,"column":23},"end":{"line":396,"column":2}},"81":{"start":{"line":398,"column":30},"end":{"line":403,"column":2}},"82":{"start":{"line":405,"column":0},"end":{"line":405,"column":null}},"83":{"start":{"line":405,"column":31},"end":{"line":405,"column":53}},"84":{"start":{"line":407,"column":0},"end":{"line":417,"column":null}},"85":{"start":{"line":408,"column":2},"end":{"line":416,"column":null}},"86":{"start":{"line":409,"column":4},"end":{"line":409,"column":null}},"87":{"start":{"line":410,"column":4},"end":{"line":410,"column":null}},"88":{"start":{"line":411,"column":17},"end":{"line":411,"column":65}},"89":{"start":{"line":412,"column":4},"end":{"line":412,"column":null}},"90":{"start":{"line":414,"column":4},"end":{"line":414,"column":null}},"91":{"start":{"line":415,"column":4},"end":{"line":415,"column":null}},"92":{"start":{"line":419,"column":0},"end":{"line":450,"column":null}},"93":{"start":{"line":420,"column":2},"end":{"line":449,"column":null}},"94":{"start":{"line":421,"column":24},"end":{"line":421,"column":65}},"95":{"start":{"line":422,"column":4},"end":{"line":424,"column":null}},"96":{"start":{"line":423,"column":6},"end":{"line":423,"column":null}},"97":{"start":{"line":426,"column":4},"end":{"line":426,"column":null}},"98":{"start":{"line":428,"column":42},"end":{"line":428,"column":58}},"99":{"start":{"line":430,"column":28},"end":{"line":430,"column":67}},"100":{"start":{"line":431,"column":4},"end":{"line":433,"column":null}},"101":{"start":{"line":432,"column":6},"end":{"line":432,"column":null}},"102":{"start":{"line":436,"column":6},"end":{"line":436,"column":83}},"103":{"start":{"line":438,"column":27},"end":{"line":443,"column":6}},"104":{"start":{"line":445,"column":4},"end":{"line":445,"column":null}},"105":{"start":{"line":447,"column":4},"end":{"line":447,"column":null}},"106":{"start":{"line":448,"column":4},"end":{"line":448,"column":null}},"107":{"start":{"line":452,"column":0},"end":{"line":493,"column":null}},"108":{"start":{"line":453,"column":2},"end":{"line":492,"column":null}},"109":{"start":{"line":454,"column":24},"end":{"line":454,"column":58}},"110":{"start":{"line":455,"column":4},"end":{"line":457,"column":null}},"111":{"start":{"line":456,"column":6},"end":{"line":456,"column":null}},"112":{"start":{"line":459,"column":28},"end":{"line":462,"column":7}},"113":{"start":{"line":459,"column":68},"end":{"line":462,"column":5}},"114":{"start":{"line":465,"column":6},"end":{"line":465,"column":92}},"115":{"start":{"line":466,"column":4},"end":{"line":476,"column":null}},"116":{"start":{"line":467,"column":6},"end":{"line":475,"column":null}},"117":{"start":{"line":478,"column":4},"end":{"line":482,"column":null}},"118":{"start":{"line":484,"column":4},"end":{"line":490,"column":null}},"119":{"start":{"line":491,"column":4},"end":{"line":491,"column":null}}},"fnMap":{"0":{"name":"(anonymous_0)","decl":{"start":{"line":31,"column":4},"end":{"line":31,"column":10}},"loc":{"start":{"line":31,"column":29},"end":{"line":36,"column":5}},"line":31},"1":{"name":"(anonymous_1)","decl":{"start":{"line":69,"column":32},"end":{"line":69,"column":37}},"loc":{"start":{"line":69,"column":44},"end":{"line":79,"column":1}},"line":69},"2":{"name":"(anonymous_2)","decl":{"start":{"line":96,"column":23},"end":{"line":96,"column":24}},"loc":{"start":{"line":96,"column":36},"end":{"line":166,"column":1}},"line":96},"3":{"name":"(anonymous_3)","decl":{"start":{"line":99,"column":57},"end":{"line":99,"column":58}},"loc":{"start":{"line":99,"column":64},"end":{"line":99,"column":70}},"line":99},"4":{"name":"(anonymous_4)","decl":{"start":{"line":122,"column":60},"end":{"line":122,"column":61}},"loc":{"start":{"line":122,"column":73},"end":{"line":125,"column":3}},"line":122},"5":{"name":"(anonymous_5)","decl":{"start":{"line":383,"column":22},"end":{"line":383,"column":23}},"loc":{"start":{"line":383,"column":34},"end":{"line":383,"column":55}},"line":383},"6":{"name":"(anonymous_6)","decl":{"start":{"line":405,"column":19},"end":{"line":405,"column":20}},"loc":{"start":{"line":405,"column":31},"end":{"line":405,"column":53}},"line":405},"7":{"name":"(anonymous_7)","decl":{"start":{"line":407,"column":29},"end":{"line":407,"column":34}},"loc":{"start":{"line":407,"column":49},"end":{"line":417,"column":1}},"line":407},"8":{"name":"(anonymous_8)","decl":{"start":{"line":419,"column":30},"end":{"line":419,"column":35}},"loc":{"start":{"line":419,"column":50},"end":{"line":450,"column":1}},"line":419},"9":{"name":"(anonymous_9)","decl":{"start":{"line":452,"column":22},"end":{"line":452,"column":27}},"loc":{"start":{"line":452,"column":42},"end":{"line":493,"column":1}},"line":452},"10":{"name":"(anonymous_10)","decl":{"start":{"line":459,"column":57},"end":{"line":459,"column":58}},"loc":{"start":{"line":459,"column":68},"end":{"line":462,"column":5}},"line":459}},"branchMap":{"0":{"loc":{"start":{"line":14,"column":2},"end":{"line":14,"column":56}},"type":"binary-expr","locations":[{"start":{"line":14,"column":2},"end":{"line":14,"column":29}},{"start":{"line":14,"column":33},"end":{"line":14,"column":56}}],"line":14},"1":{"loc":{"start":{"line":32,"column":6},"end":{"line":34,"column":null}},"type":"if","locations":[{"start":{"line":32,"column":6},"end":{"line":34,"column":null}},{"start":{},"end":{}}],"line":32},"2":{"loc":{"start":{"line":32,"column":10},"end":{"line":32,"column":53}},"type":"binary-expr","locations":[{"start":{"line":32,"column":10},"end":{"line":32,"column":17}},{"start":{"line":32,"column":21},"end":{"line":32,"column":53}}],"line":32},"3":{"loc":{"start":{"line":72,"column":4},"end":{"line":75,"column":null}},"type":"if","locations":[{"start":{"line":72,"column":4},"end":{"line":75,"column":null}},{"start":{},"end":{}}],"line":72},"4":{"loc":{"start":{"line":72,"column":8},"end":{"line":72,"column":50}},"type":"binary-expr","locations":[{"start":{"line":72,"column":8},"end":{"line":72,"column":19}},{"start":{"line":72,"column":23},"end":{"line":72,"column":50}}],"line":72},"5":{"loc":{"start":{"line":86,"column":23},"end":{"line":86,"column":47}},"type":"binary-expr","locations":[{"start":{"line":86,"column":23},"end":{"line":86,"column":41}},{"start":{"line":86,"column":45},"end":{"line":86,"column":47}}],"line":86},"6":{"loc":{"start":{"line":89,"column":40},"end":{"line":89,"column":86}},"type":"binary-expr","locations":[{"start":{"line":89,"column":40},"end":{"line":89,"column":61}},{"start":{"line":89,"column":65},"end":{"line":89,"column":86}}],"line":89},"7":{"loc":{"start":{"line":93,"column":9},"end":{"line":93,"column":63}},"type":"binary-expr","locations":[{"start":{"line":93,"column":9},"end":{"line":93,"column":32}},{"start":{"line":93,"column":36},"end":{"line":93,"column":63}}],"line":93},"8":{"loc":{"start":{"line":99,"column":24},"end":{"line":99,"column":51}},"type":"binary-expr","locations":[{"start":{"line":99,"column":24},"end":{"line":99,"column":45}},{"start":{"line":99,"column":49},"end":{"line":99,"column":51}}],"line":99},"9":{"loc":{"start":{"line":100,"column":18},"end":{"line":100,"column":43}},"type":"binary-expr","locations":[{"start":{"line":100,"column":18},"end":{"line":100,"column":37}},{"start":{"line":100,"column":41},"end":{"line":100,"column":43}}],"line":100},"10":{"loc":{"start":{"line":101,"column":15},"end":{"line":101,"column":65}},"type":"binary-expr","locations":[{"start":{"line":101,"column":15},"end":{"line":101,"column":41}},{"start":{"line":101,"column":45},"end":{"line":101,"column":65}}],"line":101},"11":{"loc":{"start":{"line":102,"column":18},"end":{"line":102,"column":53}},"type":"binary-expr","locations":[{"start":{"line":102,"column":18},"end":{"line":102,"column":47}},{"start":{"line":102,"column":51},"end":{"line":102,"column":53}}],"line":102},"12":{"loc":{"start":{"line":103,"column":15},"end":{"line":103,"column":60}},"type":"binary-expr","locations":[{"start":{"line":103,"column":15},"end":{"line":103,"column":41}},{"start":{"line":103,"column":45},"end":{"line":103,"column":60}}],"line":103},"13":{"loc":{"start":{"line":104,"column":21},"end":{"line":104,"column":50}},"type":"binary-expr","locations":[{"start":{"line":104,"column":21},"end":{"line":104,"column":44}},{"start":{"line":104,"column":48},"end":{"line":104,"column":50}}],"line":104},"14":{"loc":{"start":{"line":106,"column":2},"end":{"line":108,"column":null}},"type":"if","locations":[{"start":{"line":106,"column":2},"end":{"line":108,"column":null}},{"start":{},"end":{}}],"line":106},"15":{"loc":{"start":{"line":110,"column":2},"end":{"line":112,"column":null}},"type":"if","locations":[{"start":{"line":110,"column":2},"end":{"line":112,"column":null}},{"start":{},"end":{}}],"line":110},"16":{"loc":{"start":{"line":114,"column":2},"end":{"line":120,"column":null}},"type":"if","locations":[{"start":{"line":114,"column":2},"end":{"line":120,"column":null}},{"start":{},"end":{}}],"line":114},"17":{"loc":{"start":{"line":115,"column":4},"end":{"line":117,"column":null}},"type":"if","locations":[{"start":{"line":115,"column":4},"end":{"line":117,"column":null}},{"start":{},"end":{}}],"line":115},"18":{"loc":{"start":{"line":122,"column":26},"end":{"line":122,"column":53}},"type":"binary-expr","locations":[{"start":{"line":122,"column":26},"end":{"line":122,"column":47}},{"start":{"line":122,"column":51},"end":{"line":122,"column":53}}],"line":122},"19":{"loc":{"start":{"line":124,"column":11},"end":{"line":124,"column":54}},"type":"binary-expr","locations":[{"start":{"line":124,"column":11},"end":{"line":124,"column":20}},{"start":{"line":124,"column":24},"end":{"line":124,"column":54}}],"line":124},"20":{"loc":{"start":{"line":126,"column":2},"end":{"line":131,"column":null}},"type":"if","locations":[{"start":{"line":126,"column":2},"end":{"line":131,"column":null}},{"start":{},"end":{}}],"line":126},"21":{"loc":{"start":{"line":127,"column":19},"end":{"line":127,"column":45}},"type":"binary-expr","locations":[{"start":{"line":127,"column":19},"end":{"line":127,"column":39}},{"start":{"line":127,"column":43},"end":{"line":127,"column":45}}],"line":127},"22":{"loc":{"start":{"line":129,"column":6},"end":{"line":129,"column":null}},"type":"cond-expr","locations":[{"start":{"line":129,"column":14},"end":{"line":129,"column":33}},{"start":{"line":129,"column":36},"end":{"line":129,"column":null}}],"line":129},"23":{"loc":{"start":{"line":133,"column":2},"end":{"line":138,"column":null}},"type":"if","locations":[{"start":{"line":133,"column":2},"end":{"line":138,"column":null}},{"start":{},"end":{}}],"line":133},"24":{"loc":{"start":{"line":134,"column":4},"end":{"line":136,"column":null}},"type":"if","locations":[{"start":{"line":134,"column":4},"end":{"line":136,"column":null}},{"start":{},"end":{}}],"line":134},"25":{"loc":{"start":{"line":140,"column":2},"end":{"line":146,"column":null}},"type":"if","locations":[{"start":{"line":140,"column":2},"end":{"line":146,"column":null}},{"start":{},"end":{}}],"line":140},"26":{"loc":{"start":{"line":141,"column":4},"end":{"line":143,"column":null}},"type":"if","locations":[{"start":{"line":141,"column":4},"end":{"line":143,"column":null}},{"start":{},"end":{}}],"line":141},"27":{"loc":{"start":{"line":148,"column":2},"end":{"line":150,"column":null}},"type":"if","locations":[{"start":{"line":148,"column":2},"end":{"line":150,"column":null}},{"start":{},"end":{}}],"line":148},"28":{"loc":{"start":{"line":149,"column":48},"end":{"line":149,"column":94}},"type":"binary-expr","locations":[{"start":{"line":149,"column":48},"end":{"line":149,"column":69}},{"start":{"line":149,"column":73},"end":{"line":149,"column":94}}],"line":149},"29":{"loc":{"start":{"line":152,"column":2},"end":{"line":156,"column":null}},"type":"if","locations":[{"start":{"line":152,"column":2},"end":{"line":156,"column":null}},{"start":{},"end":{}}],"line":152},"30":{"loc":{"start":{"line":154,"column":6},"end":{"line":154,"column":null}},"type":"binary-expr","locations":[{"start":{"line":154,"column":6},"end":{"line":154,"column":29}},{"start":{"line":154,"column":33},"end":{"line":154,"column":null}}],"line":154},"31":{"loc":{"start":{"line":158,"column":2},"end":{"line":163,"column":null}},"type":"if","locations":[{"start":{"line":158,"column":2},"end":{"line":163,"column":null}},{"start":{},"end":{}}],"line":158},"32":{"loc":{"start":{"line":159,"column":4},"end":{"line":161,"column":null}},"type":"if","locations":[{"start":{"line":159,"column":4},"end":{"line":161,"column":null}},{"start":{},"end":{}}],"line":159},"33":{"loc":{"start":{"line":159,"column":8},"end":{"line":159,"column":52}},"type":"binary-expr","locations":[{"start":{"line":159,"column":8},"end":{"line":159,"column":28}},{"start":{"line":159,"column":32},"end":{"line":159,"column":52}}],"line":159},"34":{"loc":{"start":{"line":160,"column":43},"end":{"line":160,"column":87}},"type":"binary-expr","locations":[{"start":{"line":160,"column":43},"end":{"line":160,"column":63}},{"start":{"line":160,"column":67},"end":{"line":160,"column":87}}],"line":160},"35":{"loc":{"start":{"line":422,"column":4},"end":{"line":424,"column":null}},"type":"if","locations":[{"start":{"line":422,"column":4},"end":{"line":424,"column":null}},{"start":{},"end":{}}],"line":422},"36":{"loc":{"start":{"line":430,"column":28},"end":{"line":430,"column":67}},"type":"cond-expr","locations":[{"start":{"line":430,"column":39},"end":{"line":430,"column":54}},{"start":{"line":430,"column":57},"end":{"line":430,"column":67}}],"line":430},"37":{"loc":{"start":{"line":431,"column":4},"end":{"line":433,"column":null}},"type":"if","locations":[{"start":{"line":431,"column":4},"end":{"line":433,"column":null}},{"start":{},"end":{}}],"line":431},"38":{"loc":{"start":{"line":431,"column":8},"end":{"line":431,"column":78}},"type":"binary-expr","locations":[{"start":{"line":431,"column":8},"end":{"line":431,"column":40}},{"start":{"line":431,"column":44},"end":{"line":431,"column":78}}],"line":431},"39":{"loc":{"start":{"line":436,"column":6},"end":{"line":436,"column":83}},"type":"binary-expr","locations":[{"start":{"line":436,"column":6},"end":{"line":436,"column":9}},{"start":{"line":436,"column":13},"end":{"line":436,"column":83}}],"line":436},"40":{"loc":{"start":{"line":455,"column":4},"end":{"line":457,"column":null}},"type":"if","locations":[{"start":{"line":455,"column":4},"end":{"line":457,"column":null}},{"start":{},"end":{}}],"line":455},"41":{"loc":{"start":{"line":466,"column":4},"end":{"line":476,"column":null}},"type":"if","locations":[{"start":{"line":466,"column":4},"end":{"line":476,"column":null}},{"start":{},"end":{}}],"line":466}},"s":{"0":2,"1":2,"2":2,"3":2,"4":2,"5":2,"6":6,"7":6,"8":0,"9":2,"10":2,"11":2,"12":2,"13":2,"14":2,"15":2,"16":2,"17":0,"18":2,"19":2,"20":2,"21":2,"22":0,"23":2,"24":1,"25":1,"26":1,"27":0,"28":0,"29":0,"30":2,"31":2,"32":2,"33":2,"34":0,"35":0,"36":0,"37":0,"38":0,"39":0,"40":0,"41":0,"42":0,"43":0,"44":0,"45":0,"46":0,"47":0,"48":0,"49":0,"50":0,"51":0,"52":0,"53":0,"54":0,"55":0,"56":0,"57":0,"58":0,"59":0,"60":0,"61":0,"62":0,"63":0,"64":0,"65":0,"66":0,"67":0,"68":0,"69":0,"70":0,"71":0,"72":0,"73":0,"74":0,"75":0,"76":2,"77":2,"78":2,"79":0,"80":2,"81":2,"82":2,"83":1,"84":2,"85":1,"86":1,"87":1,"88":1,"89":1,"90":0,"91":0,"92":2,"93":4,"94":4,"95":4,"96":2,"97":2,"98":2,"99":2,"100":4,"101":1,"102":2,"103":4,"104":2,"105":0,"106":0,"107":2,"108":0,"109":0,"110":0,"111":0,"112":0,"113":0,"114":0,"115":0,"116":0,"117":0,"118":0,"119":0},"f":{"0":6,"1":1,"2":0,"3":0,"4":0,"5":0,"6":1,"7":1,"8":4,"9":0,"10":0},"b":{"0":[2,2],"1":[6,0],"2":[6,0],"3":[0,1],"4":[1,0],"5":[2,0],"6":[2,0],"7":[2,0],"8":[0,0],"9":[0,0],"10":[0,0],"11":[0,0],"12":[0,0],"13":[0,0],"14":[0,0],"15":[0,0],"16":[0,0],"17":[0,0],"18":[0,0],"19":[0,0],"20":[0,0],"21":[0,0],"22":[0,0],"23":[0,0],"24":[0,0],"25":[0,0],"26":[0,0],"27":[0,0],"28":[0,0],"29":[0,0],"30":[0,0],"31":[0,0],"32":[0,0],"33":[0,0],"34":[0,0],"35":[2,2],"36":[2,0],"37":[1,3],"38":[4,1],"39":[2,1],"40":[0,0],"41":[0,0]},"meta":{"lastBranch":42,"lastFunction":11,"lastStatement":120,"seen":{"s:12:11:12:21":0,"s:13:24:16:17":1,"b:14:2:14:29:14:33:14:56":0,"s:18:0:26:Infinity":2,"s:27:0:27:Infinity":3,"s:28:0:28:Infinity":4,"s:29:0:38:Infinity":5,"f:31:4:31:10":0,"b:32:6:34:Infinity:undefined:undefined:undefined:undefined":1,"s:32:6:34:Infinity":6,"b:32:10:32:17:32:21:32:53":2,"s:33:8:33:Infinity":7,"s:35:6:35:Infinity":8,"s:39:0:39:Infinity":9,"s:41:22:45:1":10,"s:46:24:46:38":11,"s:47:22:47:56":12,"s:48:26:48:74":13,"s:49:19:54:1":14,"s:55:0:59:Infinity":15,"s:56:2:56:Infinity":16,"s:58:2:58:Infinity":17,"s:61:30:61:82":18,"s:62:23:62:25":19,"s:63:0:67:Infinity":20,"s:64:2:64:Infinity":21,"s:66:2:66:Infinity":22,"s:69:32:79:1":23,"f:69:32:69:37":1,"s:70:2:78:Infinity":24,"s:71:18:71:52":25,"b:72:4:75:Infinity:undefined:undefined:undefined:undefined":3,"s:72:4:75:Infinity":26,"b:72:8:72:19:72:23:72:50":4,"s:73:6:73:Infinity":27,"s:74:6:74:Infinity":28,"s:77:4:77:Infinity":29,"s:80:20:85:1":30,"s:86:23:86:47":31,"b:86:23:86:41:86:45:86:47":5,"s:87:16:95:1":32,"b:89:40:89:61:89:65:89:86":6,"b:93:9:93:32:93:36:93:63":7,"s:96:23:166:1":33,"f:96:23:96:24":2,"s:97:14:97:35":34,"s:98:21:98:72":35,"s:99:23:99:87":36,"b:99:24:99:45:99:49:99:51":8,"f:99:57:99:58":3,"s:99:64:99:70":37,"s:100:17:100:60":38,"b:100:18:100:37:100:41:100:43":9,"s:101:15:101:65":39,"b:101:15:101:41:101:45:101:65":10,"s:102:18:102:53":40,"b:102:18:102:47:102:51:102:53":11,"s:103:15:103:60":41,"b:103:15:103:41:103:45:103:60":12,"s:104:21:104:50":42,"b:104:21:104:44:104:48:104:50":13,"b:106:2:108:Infinity:undefined:undefined:undefined:undefined":14,"s:106:2:108:Infinity":43,"s:107:4:107:Infinity":44,"b:110:2:112:Infinity:undefined:undefined:undefined:undefined":15,"s:110:2:112:Infinity":45,"s:111:4:111:Infinity":46,"b:114:2:120:Infinity:undefined:undefined:undefined:undefined":16,"s:114:2:120:Infinity":47,"b:115:4:117:Infinity:undefined:undefined:undefined:undefined":17,"s:115:4:117:Infinity":48,"s:116:6:116:Infinity":49,"s:118:24:118:59":50,"s:119:4:119:Infinity":51,"s:122:25:125:4":52,"b:122:26:122:47:122:51:122:53":18,"f:122:60:122:61":4,"s:123:22:123:97":53,"s:124:4:124:Infinity":54,"b:124:11:124:20:124:24:124:54":19,"b:126:2:131:Infinity:undefined:undefined:undefined:undefined":20,"s:126:2:131:Infinity":55,"s:127:18:127:57":56,"b:127:19:127:39:127:43:127:45":21,"s:128:4:130:Infinity":57,"b:129:14:129:33:129:36:129:Infinity":22,"b:133:2:138:Infinity:undefined:undefined:undefined:undefined":23,"s:133:2:138:Infinity":58,"b:134:4:136:Infinity:undefined:undefined:undefined:undefined":24,"s:134:4:136:Infinity":59,"s:135:6:135:Infinity":60,"s:137:4:137:Infinity":61,"b:140:2:146:Infinity:undefined:undefined:undefined:undefined":25,"s:140:2:146:Infinity":62,"b:141:4:143:Infinity:undefined:undefined:undefined:undefined":26,"s:141:4:143:Infinity":63,"s:142:6:142:Infinity":64,"s:144:19:144:52":65,"s:145:4:145:Infinity":66,"b:148:2:150:Infinity:undefined:undefined:undefined:undefined":27,"s:148:2:150:Infinity":67,"s:149:4:149:Infinity":68,"b:149:48:149:69:149:73:149:94":28,"b:152:2:156:Infinity:undefined:undefined:undefined:undefined":29,"s:152:2:156:Infinity":69,"s:153:4:155:Infinity":70,"b:154:6:154:29:154:33:154:Infinity":30,"b:158:2:163:Infinity:undefined:undefined:undefined:undefined":31,"s:158:2:163:Infinity":71,"b:159:4:161:Infinity:undefined:undefined:undefined:undefined":32,"s:159:4:161:Infinity":72,"b:159:8:159:28:159:32:159:52":33,"s:160:6:160:Infinity":73,"b:160:43:160:63:160:67:160:87":34,"s:162:4:162:Infinity":74,"s:165:2:165:Infinity":75,"s:167:19:381:2":76,"s:382:0:382:Infinity":77,"s:383:0:383:Infinity":78,"f:383:22:383:23":5,"s:383:34:383:55":79,"s:385:23:396:2":80,"s:398:30:403:2":81,"s:405:0:405:Infinity":82,"f:405:19:405:20":6,"s:405:31:405:53":83,"s:407:0:417:Infinity":84,"f:407:29:407:34":7,"s:408:2:416:Infinity":85,"s:409:4:409:Infinity":86,"s:410:4:410:Infinity":87,"s:411:17:411:65":88,"s:412:4:412:Infinity":89,"s:414:4:414:Infinity":90,"s:415:4:415:Infinity":91,"s:419:0:450:Infinity":92,"f:419:30:419:35":8,"s:420:2:449:Infinity":93,"s:421:24:421:65":94,"b:422:4:424:Infinity:undefined:undefined:undefined:undefined":35,"s:422:4:424:Infinity":95,"s:423:6:423:Infinity":96,"s:426:4:426:Infinity":97,"s:428:42:428:58":98,"s:430:28:430:67":99,"b:430:39:430:54:430:57:430:67":36,"b:431:4:433:Infinity:undefined:undefined:undefined:undefined":37,"s:431:4:433:Infinity":100,"b:431:8:431:40:431:44:431:78":38,"s:432:6:432:Infinity":101,"s:436:6:436:83":102,"b:436:6:436:9:436:13:436:83":39,"s:438:27:443:6":103,"s:445:4:445:Infinity":104,"s:447:4:447:Infinity":105,"s:448:4:448:Infinity":106,"s:452:0:493:Infinity":107,"f:452:22:452:27":9,"s:453:2:492:Infinity":108,"s:454:24:454:58":109,"b:455:4:457:Infinity:undefined:undefined:undefined:undefined":40,"s:455:4:457:Infinity":110,"s:456:6:456:Infinity":111,"s:459:28:462:7":112,"f:459:57:459:58":10,"s:459:68:462:5":113,"s:465:6:465:92":114,"b:466:4:476:Infinity:undefined:undefined:undefined:undefined":41,"s:466:4:476:Infinity":115,"s:467:6:475:Infinity":116,"s:478:4:482:Infinity":117,"s:484:4:490:Infinity":118,"s:491:4:491:Infinity":119}}}
,"/Users/julian/portfolio-ai-backend/src/lib/db.js": {"path":"/Users/julian/portfolio-ai-backend/src/lib/db.js","statementMap":{"0":{"start":{"line":3,"column":18},"end":{"line":3,"column":23}},"1":{"start":{"line":6,"column":2},"end":{"line":8,"column":null}},"2":{"start":{"line":7,"column":4},"end":{"line":7,"column":null}},"3":{"start":{"line":10,"column":14},"end":{"line":10,"column":37}},"4":{"start":{"line":11,"column":2},"end":{"line":13,"column":null}},"5":{"start":{"line":12,"column":4},"end":{"line":12,"column":null}},"6":{"start":{"line":15,"column":2},"end":{"line":22,"column":null}},"7":{"start":{"line":16,"column":15},"end":{"line":16,"column":42}},"8":{"start":{"line":17,"column":4},"end":{"line":17,"column":null}},"9":{"start":{"line":18,"column":4},"end":{"line":18,"column":null}},"10":{"start":{"line":20,"column":4},"end":{"line":20,"column":null}},"11":{"start":{"line":21,"column":4},"end":{"line":21,"column":null}}},"fnMap":{"0":{"name":"connectDB","decl":{"start":{"line":5,"column":22},"end":{"line":5,"column":31}},"loc":{"start":{"line":5,"column":34},"end":{"line":23,"column":null}},"line":5}},"branchMap":{"0":{"loc":{"start":{"line":6,"column":2},"end":{"line":8,"column":null}},"type":"if","locations":[{"start":{"line":6,"column":2},"end":{"line":8,"column":null}},{"start":{},"end":{}}],"line":6},"1":{"loc":{"start":{"line":11,"column":2},"end":{"line":13,"column":null}},"type":"if","locations":[{"start":{"line":11,"column":2},"end":{"line":13,"column":null}},{"start":{},"end":{}}],"line":11}},"s":{"0":1,"1":0,"2":0,"3":0,"4":0,"5":0,"6":0,"7":0,"8":0,"9":0,"10":0,"11":0},"f":{"0":0},"b":{"0":[0,0],"1":[0,0]},"meta":{"lastBranch":2,"lastFunction":1,"lastStatement":12,"seen":{"s:3:18:3:23":0,"f:5:22:5:31":0,"b:6:2:8:Infinity:undefined:undefined:undefined:undefined":0,"s:6:2:8:Infinity":1,"s:7:4:7:Infinity":2,"s:10:14:10:37":3,"b:11:2:13:Infinity:undefined:undefined:undefined:undefined":1,"s:11:2:13:Infinity":4,"s:12:4:12:Infinity":5,"s:15:2:22:Infinity":6,"s:16:15:16:42":7,"s:17:4:17:Infinity":8,"s:18:4:18:Infinity":9,"s:20:4:20:Infinity":10,"s:21:4:21:Infinity":11}}}
,"/Users/julian/portfolio-ai-backend/src/models/testimonial.model.js": {"path":"/Users/julian/portfolio-ai-backend/src/models/testimonial.model.js","statementMap":{"0":{"start":{"line":3,"column":26},"end":{"line":30,"column":1}},"1":{"start":{"line":33,"column":0},"end":{"line":38,"column":null}},"2":{"start":{"line":35,"column":4},"end":{"line":35,"column":null}},"3":{"start":{"line":36,"column":4},"end":{"line":36,"column":null}},"4":{"start":{"line":40,"column":27},"end":{"line":40,"column":75}}},"fnMap":{"0":{"name":"(anonymous_0)","decl":{"start":{"line":34,"column":13},"end":{"line":34,"column":14}},"loc":{"start":{"line":34,"column":25},"end":{"line":37,"column":3}},"line":34}},"branchMap":{},"s":{"0":1,"1":1,"2":0,"3":0,"4":1},"f":{"0":0},"b":{},"meta":{"lastBranch":0,"lastFunction":1,"lastStatement":5,"seen":{"s:3:26:30:1":0,"s:33:0:38:Infinity":1,"f:34:13:34:14":0,"s:35:4:35:Infinity":2,"s:36:4:36:Infinity":3,"s:40:27:40:75":4}}}
}
